<?xml version="1.0" encoding="UTF-8"?>
<!-- Generated by org.testng.reporters.JUnitReportReporter -->
<testsuite skipped="0" hostname="BOD-9061-01" name="tests.LoginTest" tests="1" failures="0" timestamp="2020-02-15T13:58:38 EST" time="17.344" errors="0">
  <testcase name="TechfiosLogin" time="17.344" classname="tests.LoginTest"/>
</testsuite> <!-- tests.LoginTest -->
